Build started 22.03.2013 17:55:30.
     1>Project "D:\Dokumente\Projekte\Entwicklung\Video\FFGLSDK_1_5\Projects\FFGLPlugins\MSVC\FFGLHeat.vcxproj" on node 2 (Build target(s)).
     1>ClCompile:
         C:\Program Files (x86)\Microsoft Visual Studio 11.0\VC\bin\CL.exe /c /I..\..\..\Include /ZI /nologo /W3 /WX- /Od /Oy- /D WIN32 /D _DEBUG /D _WINDOWS /D _USRDLL /D FFGLHEAT_EXPORTS /D _WINDLL /D _MBCS /Gm /EHsc /RTC1 /MTd /GS /fp:precise /Zc:wchar_t /Zc:forScope /Fo"Debug\\" /Fd"Debug\vc110.pdb" /Gd /TP /analyze- /errorReport:prompt ..\..\..\Source\FFGLPlugins\FFGL.cpp ..\..\..\Source\FFGLPlugins\FFGLPluginInfo.cpp ..\..\..\Source\FFGLPlugins\FFGLPluginInfoData.cpp ..\..\..\Source\FFGLPlugins\FFGLPluginManager.cpp ..\..\..\Source\FFGLPlugins\FFGLPluginSDK.cpp
         FFGLPluginSDK.cpp
     1>d:\dokumente\projekte\entwicklung\video\ffglsdk_1_5\source\ffglplugins\ffglpluginsdk.cpp(62): warning C4996: 'sprintf': This function or variable may be unsafe. Consider using sprintf_s instead. To disable deprecation, use _CRT_SECURE_NO_WARNINGS. See online help for details.
                 c:\program files (x86)\microsoft visual studio 11.0\vc\include\stdio.h(357) : see declaration of 'sprintf'
         FFGLPluginManager.cpp
     1>d:\dokumente\projekte\entwicklung\video\ffglsdk_1_5\source\ffglplugins\ffglpluginmanager.cpp(135): warning C4996: 'strdup': The POSIX name for this item is deprecated. Instead, use the ISO C++ conformant name: _strdup. See online help for details.
                 c:\program files (x86)\microsoft visual studio 11.0\vc\include\string.h(241) : see declaration of 'strdup'
         FFGLPluginInfoData.cpp
         FFGLPluginInfo.cpp
     1>d:\dokumente\projekte\entwicklung\video\ffglsdk_1_5\source\ffglplugins\ffglplugininfo.cpp(65): warning C4996: 'strdup': The POSIX name for this item is deprecated. Instead, use the ISO C++ conformant name: _strdup. See online help for details.
                 c:\program files (x86)\microsoft visual studio 11.0\vc\include\string.h(241) : see declaration of 'strdup'
     1>d:\dokumente\projekte\entwicklung\video\ffglsdk_1_5\source\ffglplugins\ffglplugininfo.cpp(66): warning C4996: 'strdup': The POSIX name for this item is deprecated. Instead, use the ISO C++ conformant name: _strdup. See online help for details.
                 c:\program files (x86)\microsoft visual studio 11.0\vc\include\string.h(241) : see declaration of 'strdup'
         FFGL.cpp
         Generating Code...
     1>C:\Program Files (x86)\MSBuild\Microsoft.Cpp\v4.0\V110\Microsoft.CppBuild.targets(1137,5): warning MSB8012: TargetPath(D:\Dokumente\Projekte\Entwicklung\Video\FFGLSDK_1_5\Projects\FFGLPlugins\MSVC\Debug\FFGLHeat.dll) does not match the Linker's OutputFile property value (D:\Dokumente\Projekte\Entwicklung\Video\FFGLSDK_1_5\Binaries\Win32\FFGLHeat_debug.dll). This may cause your project to build incorrectly. To correct this, please make sure that $(OutDir), $(TargetName) and $(TargetExt) property values match the value specified in %(Link.OutputFile).
     1>C:\Program Files (x86)\MSBuild\Microsoft.Cpp\v4.0\V110\Microsoft.CppBuild.targets(1139,5): warning MSB8012: TargetName(FFGLHeat) does not match the Linker's OutputFile property value (FFGLHeat_debug). This may cause your project to build incorrectly. To correct this, please make sure that $(OutDir), $(TargetName) and $(TargetExt) property values match the value specified in %(Link.OutputFile).
       Link:
         C:\Program Files (x86)\Microsoft Visual Studio 11.0\VC\bin\link.exe /ERRORREPORT:PROMPT /OUT:"../../../Binaries/Win32/FFGLHeat_debug.dll" /INCREMENTAL:NO /NOLOGO OpenGL32.lib kernel32.lib user32.lib gdi32.lib winspool.lib comdlg32.lib advapi32.lib shell32.lib ole32.lib oleaut32.lib uuid.lib odbc32.lib odbccp32.lib /DEF:"FFGLPlugins.def" /MANIFEST /MANIFESTUAC:"level='asInvoker' uiAccess='false'" /manifest:embed /DEBUG /PDB:"Debug\FFGLHeat.pdb" /SUBSYSTEM:WINDOWS /TLBID:1 /DYNAMICBASE /NXCOMPAT /IMPLIB:"Debug\FFGLHeat.lib" /MACHINE:X86 /SAFESEH /DLL Debug\FFGL.obj
         Debug\FFGLExtensions.obj
         Debug\FFGLHeat.obj
         Debug\FFGLPluginInfo.obj
         Debug\FFGLPluginInfoData.obj
         Debug\FFGLPluginManager.obj
         Debug\FFGLPluginSDK.obj
         Debug\FFGLShader.obj
     1>FFGL.obj : warning LNK4075: ignoring '/EDITANDCONTINUE' due to '/OPT:LBR' specification
            Creating library Debug\FFGLHeat.lib and object Debug\FFGLHeat.exp
         FFGLHeat.vcxproj -> D:\Dokumente\Projekte\Entwicklung\Video\FFGLSDK_1_5\Projects\FFGLPlugins\MSVC\Debug\FFGLHeat.dll
     1>Done Building Project "D:\Dokumente\Projekte\Entwicklung\Video\FFGLSDK_1_5\Projects\FFGLPlugins\MSVC\FFGLHeat.vcxproj" (Build target(s)).

Build succeeded.

Time Elapsed 00:00:03.22
