Build started 25.04.2013 19:37:17.
     1>Project "D:\Dokumente\Projekte\Entwicklung\Video\FFGLSDK_1_5\Projects\FFGLPlugins\MSVC_8\FFGLBridge.vcxproj" on node 2 (Build target(s)).
     1>ClCompile:
         C:\Program Files (x86)\Microsoft Visual Studio 11.0\VC\bin\CL.exe /c /I..\..\..\Include /ZI /nologo /W3 /WX- /Od /Oy- /D WIN32 /D _DEBUG /D _WINDOWS /D _USRDLL /D FFGLHEAT_EXPORTS /D _VC80_UPGRADE=0x0710 /D _WINDLL /D _MBCS /Gm /EHsc /RTC1 /MTd /GS /fp:precise /Zc:wchar_t /Zc:forScope /Fo"Debug\\" /Fd"Debug\vc110.pdb" /Gd /TP /analyze- /errorReport:prompt ..\..\..\Source\FFGLPlugins\FFGLBridge\FFGLBridge.cpp
         FFGLBridge.cpp
     1>d:\dokumente\projekte\entwicklung\video\ffglsdk_1_5\source\ffglplugins\ffglbridge\ffglbridge.cpp(42): warning C4996: 'strcpy': This function or variable may be unsafe. Consider using strcpy_s instead. To disable deprecation, use _CRT_SECURE_NO_WARNINGS. See online help for details.
                 c:\program files (x86)\microsoft visual studio 11.0\vc\include\string.h(110) : see declaration of 'strcpy'
     1>d:\dokumente\projekte\entwicklung\video\ffglsdk_1_5\source\ffglplugins\ffglbridge\ffglbridge.cpp(142): warning C4996: 'strcpy': This function or variable may be unsafe. Consider using strcpy_s instead. To disable deprecation, use _CRT_SECURE_NO_WARNINGS. See online help for details.
                 c:\program files (x86)\microsoft visual studio 11.0\vc\include\string.h(110) : see declaration of 'strcpy'
     1>C:\Program Files (x86)\MSBuild\Microsoft.Cpp\v4.0\V110\Microsoft.CppBuild.targets(1137,5): warning MSB8012: TargetPath(D:\Dokumente\Projekte\Entwicklung\Video\FFGLSDK_1_5\Projects\FFGLPlugins\MSVC_8\Debug\FFGLBridge.dll) does not match the Linker's OutputFile property value (C:\Program Files (x86)\Resolume Arena 4.1.4\plugins\vfx\FFGLBridge_debug.dll). This may cause your project to build incorrectly. To correct this, please make sure that $(OutDir), $(TargetName) and $(TargetExt) property values match the value specified in %(Link.OutputFile).
     1>C:\Program Files (x86)\MSBuild\Microsoft.Cpp\v4.0\V110\Microsoft.CppBuild.targets(1139,5): warning MSB8012: TargetName(FFGLBridge) does not match the Linker's OutputFile property value (FFGLBridge_debug). This may cause your project to build incorrectly. To correct this, please make sure that $(OutDir), $(TargetName) and $(TargetExt) property values match the value specified in %(Link.OutputFile).
       Link:
         C:\Program Files (x86)\Microsoft Visual Studio 11.0\VC\bin\link.exe /ERRORREPORT:PROMPT /OUT:"C:\Program Files (x86)\Resolume Arena 4.1.4\plugins\vfx\FFGLBridge_debug.dll" /INCREMENTAL:NO /NOLOGO OpenGL32.lib kernel32.lib user32.lib gdi32.lib winspool.lib comdlg32.lib advapi32.lib shell32.lib ole32.lib oleaut32.lib uuid.lib odbc32.lib odbccp32.lib /DEF:"FFGLPlugins.def" /MANIFEST /MANIFESTUAC:"level='asInvoker' uiAccess='false'" /manifest:embed /DEBUG /PDB:"Debug\FFGLHeat.pdb" /SUBSYSTEM:WINDOWS /TLBID:1 /DYNAMICBASE /NXCOMPAT /IMPLIB:"Debug\FFGLHeat.lib" /MACHINE:X86 /SAFESEH /DLL Debug\FFGL.obj
         Debug\FFGLExtensions.obj
         Debug\dxConnector.obj
         Debug\FFGLBridge.obj
         Debug\FFGLPluginInfo.obj
         Debug\FFGLPluginInfoData.obj
         Debug\FFGLPluginManager.obj
         Debug\FFGLPluginSDK.obj
         Debug\FFGLShader.obj
     1>FFGL.obj : warning LNK4075: ignoring '/EDITANDCONTINUE' due to '/OPT:LBR' specification
            Creating library Debug\FFGLHeat.lib and object Debug\FFGLHeat.exp
         FFGLBridge.vcxproj -> D:\Dokumente\Projekte\Entwicklung\Video\FFGLSDK_1_5\Projects\FFGLPlugins\MSVC_8\Debug\FFGLBridge.dll
     1>Done Building Project "D:\Dokumente\Projekte\Entwicklung\Video\FFGLSDK_1_5\Projects\FFGLPlugins\MSVC_8\FFGLBridge.vcxproj" (Build target(s)).

Build succeeded.

Time Elapsed 00:00:00.76
