D:\DOKUMENTE\PROJEKTE\ENTWICKLUNG\VIDEO\FFGLSDK_1_5\PROJECTS\FFGLPLUGINS\MSVC_8\DEBUG\FFGL.OBJ
D:\DOKUMENTE\PROJEKTE\ENTWICKLUNG\VIDEO\FFGLSDK_1_5\PROJECTS\FFGLPLUGINS\MSVC_8\DEBUG\FFGLEXTENSIONS.OBJ
D:\DOKUMENTE\PROJEKTE\ENTWICKLUNG\VIDEO\FFGLSDK_1_5\PROJECTS\FFGLPLUGINS\MSVC_8\DEBUG\DXCONNECTOR.OBJ
D:\DOKUMENTE\PROJEKTE\ENTWICKLUNG\VIDEO\FFGLSDK_1_5\PROJECTS\FFGLPLUGINS\MSVC_8\DEBUG\FFGLBRIDGE.OBJ
D:\DOKUMENTE\PROJEKTE\ENTWICKLUNG\VIDEO\FFGLSDK_1_5\PROJECTS\FFGLPLUGINS\MSVC_8\DEBUG\FFGLPLUGININFO.OBJ
D:\DOKUMENTE\PROJEKTE\ENTWICKLUNG\VIDEO\FFGLSDK_1_5\PROJECTS\FFGLPLUGINS\MSVC_8\DEBUG\FFGLPLUGININFODATA.OBJ
D:\DOKUMENTE\PROJEKTE\ENTWICKLUNG\VIDEO\FFGLSDK_1_5\PROJECTS\FFGLPLUGINS\MSVC_8\DEBUG\FFGLPLUGINMANAGER.OBJ
D:\DOKUMENTE\PROJEKTE\ENTWICKLUNG\VIDEO\FFGLSDK_1_5\PROJECTS\FFGLPLUGINS\MSVC_8\DEBUG\FFGLPLUGINSDK.OBJ
D:\DOKUMENTE\PROJEKTE\ENTWICKLUNG\VIDEO\FFGLSDK_1_5\PROJECTS\FFGLPLUGINS\MSVC_8\DEBUG\FFGLSHADER.OBJ
D:\DOKUMENTE\PROJEKTE\ENTWICKLUNG\VIDEO\FFGLSDK_1_5\PROJECTS\FFGLPLUGINS\MSVC_8\DEBUG\VC110.PDB
D:\Dokumente\Projekte\Entwicklung\Video\FFGLSDK_1_5\Projects\FFGLPlugins\MSVC_8\Debug\FFGLHeat.lib
D:\Dokumente\Projekte\Entwicklung\Video\FFGLSDK_1_5\Projects\FFGLPlugins\MSVC_8\Debug\FFGLHeat.exp
D:\Dokumente\Projekte\Entwicklung\Video\FFGLSDK_1_5\Projects\FFGLPlugins\MSVC_8\Debug\dxConnector.obj
D:\Dokumente\Projekte\Entwicklung\Video\FFGLSDK_1_5\Projects\FFGLPlugins\MSVC_8\Debug\FFGL.obj
D:\Dokumente\Projekte\Entwicklung\Video\FFGLSDK_1_5\Projects\FFGLPlugins\MSVC_8\Debug\FFGLBridge.obj
D:\Dokumente\Projekte\Entwicklung\Video\FFGLSDK_1_5\Projects\FFGLPlugins\MSVC_8\Debug\FFGLExtensions.obj
D:\Dokumente\Projekte\Entwicklung\Video\FFGLSDK_1_5\Projects\FFGLPlugins\MSVC_8\Debug\FFGLPluginInfo.obj
D:\Dokumente\Projekte\Entwicklung\Video\FFGLSDK_1_5\Projects\FFGLPlugins\MSVC_8\Debug\FFGLPluginInfoData.obj
D:\Dokumente\Projekte\Entwicklung\Video\FFGLSDK_1_5\Projects\FFGLPlugins\MSVC_8\Debug\FFGLPluginManager.obj
D:\Dokumente\Projekte\Entwicklung\Video\FFGLSDK_1_5\Projects\FFGLPlugins\MSVC_8\Debug\FFGLPluginSDK.obj
D:\Dokumente\Projekte\Entwicklung\Video\FFGLSDK_1_5\Projects\FFGLPlugins\MSVC_8\Debug\FFGLShader.obj
D:\Dokumente\Projekte\Entwicklung\Video\FFGLSDK_1_5\Projects\FFGLPlugins\MSVC_8\Debug\cl.command.1.tlog
D:\Dokumente\Projekte\Entwicklung\Video\FFGLSDK_1_5\Projects\FFGLPlugins\MSVC_8\Debug\CL.read.1.tlog
D:\Dokumente\Projekte\Entwicklung\Video\FFGLSDK_1_5\Projects\FFGLPlugins\MSVC_8\Debug\CL.write.1.tlog
D:\Dokumente\Projekte\Entwicklung\Video\FFGLSDK_1_5\Projects\FFGLPlugins\MSVC_8\Debug\FFGLBridge.write.1.tlog
D:\Dokumente\Projekte\Entwicklung\Video\FFGLSDK_1_5\Projects\FFGLPlugins\MSVC_8\Debug\link-cvtres.read.1.tlog
D:\Dokumente\Projekte\Entwicklung\Video\FFGLSDK_1_5\Projects\FFGLPlugins\MSVC_8\Debug\link-cvtres.write.1.tlog
D:\Dokumente\Projekte\Entwicklung\Video\FFGLSDK_1_5\Projects\FFGLPlugins\MSVC_8\Debug\link-rc.read.1.tlog
D:\Dokumente\Projekte\Entwicklung\Video\FFGLSDK_1_5\Projects\FFGLPlugins\MSVC_8\Debug\link-rc.write.1.tlog
D:\Dokumente\Projekte\Entwicklung\Video\FFGLSDK_1_5\Projects\FFGLPlugins\MSVC_8\Debug\link.command.1.tlog
D:\Dokumente\Projekte\Entwicklung\Video\FFGLSDK_1_5\Projects\FFGLPlugins\MSVC_8\Debug\link.read.1.tlog
D:\Dokumente\Projekte\Entwicklung\Video\FFGLSDK_1_5\Projects\FFGLPlugins\MSVC_8\Debug\link.write.1.tlog
D:\Dokumente\Projekte\Entwicklung\Video\FFGLSDK_1_5\Projects\FFGLPlugins\MSVC_8\Debug\vc110.idb
D:\Dokumente\Projekte\Entwicklung\Video\FFGLSDK_1_5\Projects\FFGLPlugins\MSVC_8\Debug\FFGLHeat.pdb
D:\Dokumente\Projekte\Entwicklung\Video\FFGLSDK_1_5\Projects\FFGLPlugins\MSVC_8\Debug\vc110.pdb
